<?xml version="1.0" encoding="UTF-8"?>
<!-- Generated by org.testng.reporters.JUnitXMLReporter -->
<testsuite hostname="DESKTOP-QLKFNLE" ignored="0" name="Default test" tests="3" failures="0" timestamp="2020-06-04T09:02:04 GST" time="1.54" errors="0">
  <testcase name="validatedaPlaceId" time="0.613" classname="com.qa.tests.ApiTesting1"/>
  <testcase name="validatedateinquery" time="0.005" classname="com.qa.tests.ApiTesting1"/>
  <testcase name="validatetype" time="0.002" classname="com.qa.tests.ApiTesting1"/>
</testsuite> <!-- Default test -->
