<?xml version="1.0" encoding="UTF-8"?>
<!-- Generated by org.testng.reporters.JUnitXMLReporter -->
<testsuite hostname="DESKTOP-QLKFNLE" ignored="0" name="ApiTesting1" tests="3" failures="0" timestamp="2020-06-04T08:59:22 GST" time="1.622" errors="0">
  <testcase name="validatedaPlaceId" time="0.603" classname="com.qa.tests.ApiTesting1"/>
  <testcase name="validatedateinquery" time="0.006" classname="com.qa.tests.ApiTesting1"/>
  <testcase name="validatetype" time="0.003" classname="com.qa.tests.ApiTesting1"/>
</testsuite> <!-- ApiTesting1 -->
