<?xml version="1.0" encoding="UTF-8"?>
<testng-results skipped="0" failed="0" ignored="0" total="3" passed="3">
  <reporter-output>
  </reporter-output>
  <suite name="Default suite" duration-ms="1540" started-at="2020-06-04T09:02:02 GST" finished-at="2020-06-04T09:02:04 GST">
    <groups>
    </groups>
    <test name="Default test" duration-ms="1540" started-at="2020-06-04T09:02:02 GST" finished-at="2020-06-04T09:02:04 GST">
      <class name="com.qa.tests.ApiTesting1">
        <test-method status="PASS" signature="getResponse()[pri:0, instance:com.qa.tests.ApiTesting1@22a67b4]" name="getResponse" is-config="true" duration-ms="877" started-at="2020-06-04T09:02:02 GST" finished-at="2020-06-04T09:02:03 GST">
          <reporter-output>
          </reporter-output>
        </test-method> <!-- getResponse -->
        <test-method status="PASS" signature="validatedaPlaceId()[pri:0, instance:com.qa.tests.ApiTesting1@22a67b4]" name="validatedaPlaceId" duration-ms="613" started-at="2020-06-04T09:02:03 GST" finished-at="2020-06-04T09:02:04 GST">
          <reporter-output>
          </reporter-output>
        </test-method> <!-- validatedaPlaceId -->
        <test-method status="PASS" signature="validatedateinquery()[pri:0, instance:com.qa.tests.ApiTesting1@22a67b4]" name="validatedateinquery" duration-ms="5" started-at="2020-06-04T09:02:04 GST" finished-at="2020-06-04T09:02:04 GST">
          <reporter-output>
          </reporter-output>
        </test-method> <!-- validatedateinquery -->
        <test-method status="PASS" signature="validatetype()[pri:0, instance:com.qa.tests.ApiTesting1@22a67b4]" name="validatetype" duration-ms="2" started-at="2020-06-04T09:02:04 GST" finished-at="2020-06-04T09:02:04 GST">
          <reporter-output>
          </reporter-output>
        </test-method> <!-- validatetype -->
      </class> <!-- com.qa.tests.ApiTesting1 -->
    </test> <!-- Default test -->
  </suite> <!-- Default suite -->
</testng-results>
